<?xml version="1.0" encoding="UTF-8"?>
<testng-results ignored="0" total="1" passed="1" failed="0" skipped="0">
  <reporter-output>
  </reporter-output>
  <suite started-at="2024-11-08T10:49:39 IST" name="Default suite" finished-at="2024-11-08T10:49:47 IST" duration-ms="7517">
    <groups>
    </groups>
    <test started-at="2024-11-08T10:49:39 IST" name="Default test" finished-at="2024-11-08T10:49:47 IST" duration-ms="7517">
      <class name="com.extendreport.DemoApp">
        <test-method signature="demo()[pri:0, instance:com.extendreport.DemoApp@f09733f]" started-at="2024-11-08T10:49:39 IST" name="demo" finished-at="2024-11-08T10:49:47 IST" duration-ms="7474" status="PASS">
          <reporter-output>
          </reporter-output>
        </test-method> <!-- demo -->
      </class> <!-- com.extendreport.DemoApp -->
    </test> <!-- Default test -->
  </suite> <!-- Default suite -->
</testng-results>
