<?xml version="1.0" encoding="UTF-8"?>
<testng-results ignored="0" total="3" passed="3" failed="0" skipped="0">
  <reporter-output>
  </reporter-output>
  <suite started-at="2024-11-19T10:27:12 IST" name="Default suite" finished-at="2024-11-19T10:27:21 IST" duration-ms="9126">
    <groups>
    </groups>
    <test started-at="2024-11-19T10:27:12 IST" name="Default test" finished-at="2024-11-19T10:27:21 IST" duration-ms="9126">
      <class name="com.dataprovider.TestScript">
        <test-method signature="login([Ljava.lang.String;)[pri:0, instance:com.dataprovider.TestScript@1e0b4072]" started-at="2024-11-19T10:27:12 IST" name="login" data-provider="logindata" finished-at="2024-11-19T10:27:16 IST" duration-ms="3790" status="PASS">
          <params>
            <param index="0">
              <value>
                <![CDATA[[Ljava.lang.String;@62d0ac62]]>
              </value>
            </param>
          </params>
          <reporter-output>
          </reporter-output>
        </test-method> <!-- login -->
        <test-method signature="login([Ljava.lang.String;)[pri:0, instance:com.dataprovider.TestScript@1e0b4072]" started-at="2024-11-19T10:27:16 IST" name="login" data-provider="logindata" finished-at="2024-11-19T10:27:18 IST" duration-ms="2634" status="PASS">
          <params>
            <param index="0">
              <value>
                <![CDATA[[Ljava.lang.String;@150d80c4]]>
              </value>
            </param>
          </params>
          <reporter-output>
          </reporter-output>
        </test-method> <!-- login -->
        <test-method signature="login([Ljava.lang.String;)[pri:0, instance:com.dataprovider.TestScript@1e0b4072]" started-at="2024-11-19T10:27:18 IST" name="login" data-provider="logindata" finished-at="2024-11-19T10:27:21 IST" duration-ms="2639" status="PASS">
          <params>
            <param index="0">
              <value>
                <![CDATA[[Ljava.lang.String;@6826c41e]]>
              </value>
            </param>
          </params>
          <reporter-output>
          </reporter-output>
        </test-method> <!-- login -->
      </class> <!-- com.dataprovider.TestScript -->
    </test> <!-- Default test -->
  </suite> <!-- Default suite -->
</testng-results>
