<?xml version="1.0" encoding="UTF-8"?>
<!-- Generated by org.testng.reporters.JUnitXMLReporter -->
<testsuite ignored="0" hostname="DESKTOP-N46G1GJ" failures="0" tests="3" name="Default test" time="9.126" errors="0" timestamp="2024-11-19T10:27:21 IST">
  <testcase classname="com.dataprovider.TestScript" name="login" time="3.79"/>
  <testcase classname="com.dataprovider.TestScript" name="login" time="2.634"/>
  <testcase classname="com.dataprovider.TestScript" name="login" time="2.639"/>
</testsuite> <!-- Default test -->
